<?xml version="1.0" encoding="UTF-8"?>
<testsuite xmlns:xsi="http://www.w3.org/2001/XMLSchema-instance" xsi:noNamespaceSchemaLocation="https://maven.apache.org/surefire/maven-failsafe-plugin/xsd/failsafe-test-report-3.0.xsd" version="3.0" name="com.formation.classservice.repository.ClassOptimisticLockingIT" time="14.478" tests="1" errors="0" skipped="0" failures="0">
  <properties>
[...]
</properties>
  <testcase name="deuxLecturesConcurrentes_laSecondeSauvegardeEchoueAvecOptimisticLockException" classname="com.formation.classservice.repository.ClassOptimisticLockingIT" time="0.835">
    <system-out><![CDATA[11:51:02.925 [main] INFO org.springframework.test.context.support.AnnotationConfigContextLoaderUtils -- Could not detect default configuration classes for test class [com.formation.classservice.repository.ClassOptimisticLockingIT]: ClassOptimisticLockingIT does not declare any static, non-private, non-final, nested classes annotated with @Configuration.
11:51:03.167 [main] INFO org.springframework.boot.test.context.SpringBootTestContextBootstrapper -- Found @SpringBootConfiguration com.formation.classservice.ClassServiceApplication for test class com.formation.classservice.repository.ClassOptimisticLockingIT

  .   ____          _            __ _ _
 /\\ / ___'_ __ _ _(_)_ __  __ _ \ \ \ \
( ( )\___ | '_ | '_| | '_ \/ _` | \ \ \ \
 \\/  ___)| |_)| | | | | || (_| |  ) ) ) )
  '  |____| .__|_| |_|_| |_\__, | / / / /
 =========|_|==============|___/=/_/_/_/

 :: Spring Boot ::                (v3.3.2)

2026-09-09T11:51:05.400+02:00  INFO 240996 --- [           main] c.f.c.r.ClassOptimisticLockingIT         : Starting ClassOptimisticLockingIT using Java 21.0.12.1 with PID 240996 (started by ennou in C:\Users\ennou\dev\M2\culture_info\fitconnect\fitconnect\class-service)
2026-09-09T11:51:05.403+02:00  INFO 240996 --- [           main] c.f.c.r.ClassOptimisticLockingIT         : No active profile set, falling back to 1 default profile: "default"
2026-09-09T11:51:08.060+02:00  INFO 240996 --- [           main] .s.d.r.c.RepositoryConfigurationDelegate : Bootstrapping Spring Data JPA repositories in DEFAULT mode.
2026-09-09T11:51:08.210+02:00  INFO 240996 --- [           main] .s.d.r.c.RepositoryConfigurationDelegate : Finished Spring Data repository scanning in 143 ms. Found 1 JPA repository interface.
2026-09-09T11:51:08.617+02:00  INFO 240996 --- [           main] o.s.cloud.context.scope.GenericScope     : BeanFactory id=d7b53e6e-4636-356f-bcf7-29d2b62af7d9
2026-09-09T11:51:09.125+02:00  WARN 240996 --- [           main] trationDelegate$BeanPostProcessorChecker : Bean 'org.springframework.cloud.client.loadbalancer.LoadBalancerAutoConfiguration$DeferringLoadBalancerInterceptorConfig' of type [org.springframework.cloud.client.loadbalancer.LoadBalancerAutoConfiguration$DeferringLoadBalancerInterceptorConfig] is not eligible for getting processed by all BeanPostProcessors (for example: not eligible for auto-proxying). The currently created BeanPostProcessor [lbRestClientPostProcessor] is declared through a non-static factory method on that class; consider declaring it as static instead.
2026-09-09T11:51:09.129+02:00  WARN 240996 --- [           main] trationDelegate$BeanPostProcessorChecker : Bean 'deferringLoadBalancerInterceptor' of type [org.springframework.cloud.client.loadbalancer.DeferringLoadBalancerInterceptor] is not eligible for getting processed by all BeanPostProcessors (for example: not eligible for auto-proxying). Is this bean getting eagerly injected into a currently created BeanPostProcessor [lbRestClientPostProcessor]? Check the corresponding BeanPostProcessor declaration and its dependencies.
2026-09-09T11:51:09.677+02:00  INFO 240996 --- [           main] o.hibernate.jpa.internal.util.LogHelper  : HHH000204: Processing PersistenceUnitInfo [name: default]
2026-09-09T11:51:09.781+02:00  INFO 240996 --- [           main] org.hibernate.Version                    : HHH000412: Hibernate ORM core version 6.5.2.Final
2026-09-09T11:51:09.843+02:00  INFO 240996 --- [           main] o.h.c.internal.RegionFactoryInitiator    : HHH000026: Second-level cache disabled
2026-09-09T11:51:10.291+02:00  INFO 240996 --- [           main] o.s.o.j.p.SpringPersistenceUnitInfo      : No LoadTimeWeaver setup: ignoring JPA class transformer
2026-09-09T11:51:10.343+02:00  INFO 240996 --- [           main] com.zaxxer.hikari.HikariDataSource       : HikariPool-1 - Starting...
2026-09-09T11:51:10.589+02:00  INFO 240996 --- [           main] com.zaxxer.hikari.pool.HikariPool        : HikariPool-1 - Added connection conn0: url=jdbc:h2:mem:classdb-test user=SA
2026-09-09T11:51:10.592+02:00  INFO 240996 --- [           main] com.zaxxer.hikari.HikariDataSource       : HikariPool-1 - Start completed.
2026-09-09T11:51:11.735+02:00  INFO 240996 --- [           main] o.h.e.t.j.p.i.JtaPlatformInitiator       : HHH000489: No JTA platform available (set 'hibernate.transaction.jta.platform' to enable JTA platform integration)
2026-09-09T11:51:11.776+02:00  INFO 240996 --- [           main] j.LocalContainerEntityManagerFactoryBean : Initialized JPA EntityManagerFactory for persistence unit 'default'
2026-09-09T11:51:12.969+02:00  WARN 240996 --- [           main] JpaBaseConfiguration$JpaWebConfiguration : spring.jpa.open-in-view is enabled by default. Therefore, database queries may be performed during view rendering. Explicitly configure spring.jpa.open-in-view to disable this warning
2026-09-09T11:51:15.917+02:00  INFO 240996 --- [           main] o.s.cloud.commons.util.InetUtils         : Cannot determine local hostname
2026-09-09T11:51:15.929+02:00  INFO 240996 --- [           main] DiscoveryClientOptionalArgsConfiguration : Eureka HTTP Client uses RestTemplate.
2026-09-09T11:51:16.032+02:00  WARN 240996 --- [           main] iguration$LoadBalancerCaffeineWarnLogger : Spring Cloud LoadBalancer is currently working with the default cache. While this cache implementation is useful for development and tests, it's recommended to use Caffeine cache in production.You can switch to using Caffeine cache, by adding it and org.springframework.cache.caffeine.CaffeineCacheManager to the classpath.
2026-09-09T11:51:16.051+02:00  INFO 240996 --- [           main] o.s.b.a.e.web.EndpointLinksResolver      : Exposing 1 endpoint beneath base path '/actuator'
2026-09-09T11:51:16.157+02:00  INFO 240996 --- [           main] c.f.c.r.ClassOptimisticLockingIT         : Started ClassOptimisticLockingIT in 12.755 seconds (process running for 14.533)
]]></system-out>
    <system-err><![CDATA[WARNING: A Java agent has been loaded dynamically (C:\Users\ennou\.m2\repository\net\bytebuddy\byte-buddy-agent\1.14.18\byte-buddy-agent-1.14.18.jar)
WARNING: If a serviceability tool is in use, please run with -XX:+EnableDynamicAgentLoading to hide this warning
WARNING: If a serviceability tool is not in use, please run with -Djdk.instrument.traceUsage for more information
WARNING: Dynamic loading of agents will be disallowed by default in a future release
]]></system-err>
  </testcase>
</testsuite>